<?xml version="1.0" encoding="UTF-8"?>
<testng-results ignored="0" total="1" passed="1" failed="0" skipped="0">
  <reporter-output>
  </reporter-output>
  <suite started-at="2022-10-17T11:05:01 MYT" name="Default suite" finished-at="2022-10-17T11:05:21 MYT" duration-ms="20329">
    <groups>
    </groups>
    <test started-at="2022-10-17T11:05:01 MYT" name="Default test" finished-at="2022-10-17T11:05:21 MYT" duration-ms="20329">
      <class name="HomeTest.HomeTest">
        <test-method is-config="true" signature="setUp()[pri:0, instance:HomeTest.HomeTest@4f67eb2a]" started-at="2022-10-17T11:05:01 MYT" name="setUp" finished-at="2022-10-17T11:05:10 MYT" duration-ms="9353" status="PASS">
          <reporter-output>
          </reporter-output>
        </test-method> <!-- setUp -->
        <test-method signature="searchValidation()[pri:1, instance:HomeTest.HomeTest@4f67eb2a]" started-at="2022-10-17T11:05:10 MYT" name="searchValidation" finished-at="2022-10-17T11:05:21 MYT" duration-ms="10853" status="PASS">
          <reporter-output>
          </reporter-output>
        </test-method> <!-- searchValidation -->
        <test-method is-config="true" signature="tearDown()[pri:0, instance:HomeTest.HomeTest@4f67eb2a]" started-at="2022-10-17T11:05:21 MYT" name="tearDown" finished-at="2022-10-17T11:05:21 MYT" duration-ms="96" status="PASS">
          <reporter-output>
          </reporter-output>
        </test-method> <!-- tearDown -->
      </class> <!-- HomeTest.HomeTest -->
    </test> <!-- Default test -->
  </suite> <!-- Default suite -->
</testng-results>
